{
  "stats": {
    "suites": 0,
    "tests": 1,
    "passes": 1,
    "pending": 0,
    "failures": 0,
    "start": "2023-08-17T06:15:44.730Z",
    "end": "2023-08-17T06:16:09.189Z",
    "duration": 24459,
    "testsRegistered": 1,
    "passPercent": 100,
    "pendingPercent": 0,
    "other": 0,
    "hasOther": false,
    "skipped": 0,
    "hasSkipped": false
  },
  "results": [
    {
      "uuid": "19de1d50-f5a5-49c7-8d33-5a2088eb5c3f",
      "title": "",
      "fullFile": "cypress\\e2e\\wikipedia.cy.js",
      "file": "cypress\\e2e\\wikipedia.cy.js",
      "beforeHooks": [],
      "afterHooks": [],
      "tests": [
        {
          "title": "Wikipedia",
          "fullTitle": "Wikipedia",
          "timedOut": null,
          "duration": 19586,
          "state": "passed",
          "speed": "slow",
          "pass": true,
          "fail": false,
          "pending": false,
          "context": null,
          "code": "cy.visit('https://www.wikipedia.org/');\ncy.get('#searchInput').type('Lufthansa');\ncy.get('[href=\"https://en.wikipedia.org/wiki/Lufthansa\"] > .suggestion-text > .suggestion-title > .suggestion-highlight').click();\ncy.wait(2000);\ncy.get('#Destinations').scrollIntoView();\ncy.wait(2000);\ncy.get(':nth-child(135) > a').click();\ncy.wait(5000);",
          "err": {},
          "uuid": "a91974f5-d5aa-4189-bbb9-d27d6d2291e0",
          "parentUUID": "19de1d50-f5a5-49c7-8d33-5a2088eb5c3f",
          "isHook": false,
          "skipped": false
        }
      ],
      "suites": [],
      "passes": [
        "a91974f5-d5aa-4189-bbb9-d27d6d2291e0"
      ],
      "failures": [],
      "pending": [],
      "skipped": [],
      "duration": 19586,
      "root": true,
      "rootEmpty": false,
      "_timeout": 2000
    }
  ],
  "meta": {
    "mocha": {
      "version": "7.0.1"
    },
    "mochawesome": {
      "options": {
        "quiet": false,
        "reportFilename": "mochawesome",
        "saveHtml": false,
        "saveJson": true,
        "consoleReporter": "spec",
        "useInlineDiffs": false,
        "code": true
      },
      "version": "7.1.3"
    },
    "marge": {
      "options": {
        "overwrite": false,
        "html": false,
        "json": true,
        "reportDir": "cypress\\reports\\html\\.jsons"
      },
      "version": "6.2.0"
    }
  }
}