{
  "stats": {
    "suites": 0,
    "tests": 1,
    "passes": 0,
    "pending": 0,
    "failures": 1,
    "start": "2023-08-17T06:15:21.681Z",
    "end": "2023-08-17T06:15:33.758Z",
    "duration": 12077,
    "testsRegistered": 1,
    "passPercent": 0,
    "pendingPercent": 0,
    "other": 0,
    "hasOther": false,
    "skipped": 0,
    "hasSkipped": false
  },
  "results": [
    {
      "uuid": "3d74baf5-cdd3-4767-96c2-ee3d5b30bcfb",
      "title": "",
      "fullFile": "cypress\\e2e\\vistara.cy.js",
      "file": "cypress\\e2e\\vistara.cy.js",
      "beforeHooks": [],
      "afterHooks": [],
      "tests": [
        {
          "title": "Vistara",
          "fullTitle": "Vistara",
          "timedOut": null,
          "duration": 7406,
          "state": "failed",
          "speed": null,
          "pass": false,
          "fail": true,
          "pending": false,
          "context": null,
          "code": "cy.clearAllCookies();\ncy.visit('https://www.airvistara.com/in/en');\ncy.get('#departsfrom-div > .scombobox-display').should('be.visible').scrollIntoView().click();",
          "err": {
            "message": "TypeError: The following error originated from your application code, not from Cypress.\n\n  > $(...).catcomplete is not a function\n\nWhen Cypress detects uncaught errors originating from your application it will automatically fail the current test.\n\nThis behavior is configurable, and you can choose to turn this off by listening to the `uncaught:exception` event.\n\nhttps://on.cypress.io/uncaught-exception-from-application",
            "estack": "TypeError: The following error originated from your application code, not from Cypress.\n\n  > $(...).catcomplete is not a function\n\nWhen Cypress detects uncaught errors originating from your application it will automatically fail the current test.\n\nThis behavior is configurable, and you can choose to turn this off by listening to the `uncaught:exception` event.\n\nhttps://on.cypress.io/uncaught-exception-from-application\n    at carrierBasedCombo (https://www.airvistara.com/etc.clientlibs/airvistara/clientlibs/clientlib-post-dom-processing.min.js:16942:36)\n    at enableCommercialBooking (https://www.airvistara.com/etc.clientlibs/airvistara/clientlibs/clientlib-post-dom-processing.min.js:13209:3)\n    at enableBookingPreferences (https://www.airvistara.com/etc.clientlibs/airvistara/clientlibs/clientlib-post-dom-processing.min.js:13377:3)\n    at HTMLInputElement.<anonymous> (https://www.airvistara.com/etc.clientlibs/airvistara/clientlibs/clientlib-post-dom-processing.min.js:4706:5)\n    at HTMLInputElement.dispatch (https://www.airvistara.com/etc.clientlibs/airvistara/clientlibs/clientlib-site.min.js:3457:271)\n    at y.handle (https://www.airvistara.com/etc.clientlibs/airvistara/clientlibs/clientlib-site.min.js:3419:103)\n    at HTMLDocument.<anonymous> (https://www.airvistara.com/etc.clientlibs/airvistara/clientlibs/clientlib-post-dom-processing.min.js:4729:19)\n    at e (https://www.airvistara.com/etc.clientlibs/airvistara/clientlibs/clientlib-site.min.js:3023:56)\n    at t (https://www.airvistara.com/etc.clientlibs/airvistara/clientlibs/clientlib-site.min.js:3029:45)\n    at o (https://www.airvistara.com/in/en:3:454)",
            "diff": null
          },
          "uuid": "e47ea8ce-b13c-4672-aa32-3901d46ea70e",
          "parentUUID": "3d74baf5-cdd3-4767-96c2-ee3d5b30bcfb",
          "isHook": false,
          "skipped": false
        }
      ],
      "suites": [],
      "passes": [],
      "failures": [
        "e47ea8ce-b13c-4672-aa32-3901d46ea70e"
      ],
      "pending": [],
      "skipped": [],
      "duration": 7406,
      "root": true,
      "rootEmpty": false,
      "_timeout": 2000
    }
  ],
  "meta": {
    "mocha": {
      "version": "7.0.1"
    },
    "mochawesome": {
      "options": {
        "quiet": false,
        "reportFilename": "mochawesome",
        "saveHtml": false,
        "saveJson": true,
        "consoleReporter": "spec",
        "useInlineDiffs": false,
        "code": true
      },
      "version": "7.1.3"
    },
    "marge": {
      "options": {
        "overwrite": false,
        "html": false,
        "json": true,
        "reportDir": "cypress\\reports\\html\\.jsons"
      },
      "version": "6.2.0"
    }
  }
}