{
  "stats": {
    "suites": 4,
    "tests": 4,
    "passes": 3,
    "pending": 0,
    "failures": 1,
    "testsRegistered": 4,
    "passPercent": 75,
    "pendingPercent": 0,
    "other": 0,
    "hasOther": false,
    "skipped": 0,
    "hasSkipped": false,
    "start": "2023-08-17T06:14:17.781Z",
    "end": "2023-08-17T06:16:09.189Z",
    "duration": 111408
  },
  "results": [
    {
      "uuid": "84d224f0-2e35-47c8-9ce2-addbc67a7a11",
      "title": "",
      "fullFile": "cypress\\e2e\\spec.cy.js",
      "file": "cypress\\e2e\\spec.cy.js",
      "beforeHooks": [],
      "afterHooks": [],
      "tests": [],
      "suites": [
        {
          "uuid": "b86faf62-045c-416f-83af-b3693aad1c2c",
          "title": "template spec",
          "fullFile": "",
          "file": "",
          "beforeHooks": [],
          "afterHooks": [],
          "tests": [
            {
              "title": "passes",
              "fullTitle": "template spec passes",
              "timedOut": null,
              "duration": 889,
              "state": "passed",
              "speed": "fast",
              "pass": true,
              "fail": false,
              "pending": false,
              "context": null,
              "code": "cy.visit('https://example.cypress.io');",
              "err": {},
              "uuid": "c3370d38-4ac6-455e-a1d0-53ffdf668968",
              "parentUUID": "b86faf62-045c-416f-83af-b3693aad1c2c",
              "isHook": false,
              "skipped": false
            }
          ],
          "suites": [],
          "passes": [
            "c3370d38-4ac6-455e-a1d0-53ffdf668968"
          ],
          "failures": [],
          "pending": [],
          "skipped": [],
          "duration": 889,
          "root": false,
          "rootEmpty": false,
          "_timeout": 2000
        }
      ],
      "passes": [],
      "failures": [],
      "pending": [],
      "skipped": [],
      "duration": 0,
      "root": true,
      "rootEmpty": true,
      "_timeout": 2000
    },
    {
      "uuid": "3d74baf5-cdd3-4767-96c2-ee3d5b30bcfb",
      "title": "",
      "fullFile": "cypress\\e2e\\vistara.cy.js",
      "file": "cypress\\e2e\\vistara.cy.js",
      "beforeHooks": [],
      "afterHooks": [],
      "tests": [
        {
          "title": "Vistara",
          "fullTitle": "Vistara",
          "timedOut": null,
          "duration": 7406,
          "state": "failed",
          "speed": null,
          "pass": false,
          "fail": true,
          "pending": false,
          "context": null,
          "code": "cy.clearAllCookies();\ncy.visit('https://www.airvistara.com/in/en');\ncy.get('#departsfrom-div > .scombobox-display').should('be.visible').scrollIntoView().click();",
          "err": {
            "message": "TypeError: The following error originated from your application code, not from Cypress.\n\n  > $(...).catcomplete is not a function\n\nWhen Cypress detects uncaught errors originating from your application it will automatically fail the current test.\n\nThis behavior is configurable, and you can choose to turn this off by listening to the `uncaught:exception` event.\n\nhttps://on.cypress.io/uncaught-exception-from-application",
            "estack": "TypeError: The following error originated from your application code, not from Cypress.\n\n  > $(...).catcomplete is not a function\n\nWhen Cypress detects uncaught errors originating from your application it will automatically fail the current test.\n\nThis behavior is configurable, and you can choose to turn this off by listening to the `uncaught:exception` event.\n\nhttps://on.cypress.io/uncaught-exception-from-application\n    at carrierBasedCombo (https://www.airvistara.com/etc.clientlibs/airvistara/clientlibs/clientlib-post-dom-processing.min.js:16942:36)\n    at enableCommercialBooking (https://www.airvistara.com/etc.clientlibs/airvistara/clientlibs/clientlib-post-dom-processing.min.js:13209:3)\n    at enableBookingPreferences (https://www.airvistara.com/etc.clientlibs/airvistara/clientlibs/clientlib-post-dom-processing.min.js:13377:3)\n    at HTMLInputElement.<anonymous> (https://www.airvistara.com/etc.clientlibs/airvistara/clientlibs/clientlib-post-dom-processing.min.js:4706:5)\n    at HTMLInputElement.dispatch (https://www.airvistara.com/etc.clientlibs/airvistara/clientlibs/clientlib-site.min.js:3457:271)\n    at y.handle (https://www.airvistara.com/etc.clientlibs/airvistara/clientlibs/clientlib-site.min.js:3419:103)\n    at HTMLDocument.<anonymous> (https://www.airvistara.com/etc.clientlibs/airvistara/clientlibs/clientlib-post-dom-processing.min.js:4729:19)\n    at e (https://www.airvistara.com/etc.clientlibs/airvistara/clientlibs/clientlib-site.min.js:3023:56)\n    at t (https://www.airvistara.com/etc.clientlibs/airvistara/clientlibs/clientlib-site.min.js:3029:45)\n    at o (https://www.airvistara.com/in/en:3:454)",
            "diff": null
          },
          "uuid": "e47ea8ce-b13c-4672-aa32-3901d46ea70e",
          "parentUUID": "3d74baf5-cdd3-4767-96c2-ee3d5b30bcfb",
          "isHook": false,
          "skipped": false
        }
      ],
      "suites": [],
      "passes": [],
      "failures": [
        "e47ea8ce-b13c-4672-aa32-3901d46ea70e"
      ],
      "pending": [],
      "skipped": [],
      "duration": 7406,
      "root": true,
      "rootEmpty": false,
      "_timeout": 2000
    },
    {
      "uuid": "19de1d50-f5a5-49c7-8d33-5a2088eb5c3f",
      "title": "",
      "fullFile": "cypress\\e2e\\wikipedia.cy.js",
      "file": "cypress\\e2e\\wikipedia.cy.js",
      "beforeHooks": [],
      "afterHooks": [],
      "tests": [
        {
          "title": "Wikipedia",
          "fullTitle": "Wikipedia",
          "timedOut": null,
          "duration": 19586,
          "state": "passed",
          "speed": "slow",
          "pass": true,
          "fail": false,
          "pending": false,
          "context": null,
          "code": "cy.visit('https://www.wikipedia.org/');\ncy.get('#searchInput').type('Lufthansa');\ncy.get('[href=\"https://en.wikipedia.org/wiki/Lufthansa\"] > .suggestion-text > .suggestion-title > .suggestion-highlight').click();\ncy.wait(2000);\ncy.get('#Destinations').scrollIntoView();\ncy.wait(2000);\ncy.get(':nth-child(135) > a').click();\ncy.wait(5000);",
          "err": {},
          "uuid": "a91974f5-d5aa-4189-bbb9-d27d6d2291e0",
          "parentUUID": "19de1d50-f5a5-49c7-8d33-5a2088eb5c3f",
          "isHook": false,
          "skipped": false
        }
      ],
      "suites": [],
      "passes": [
        "a91974f5-d5aa-4189-bbb9-d27d6d2291e0"
      ],
      "failures": [],
      "pending": [],
      "skipped": [],
      "duration": 19586,
      "root": true,
      "rootEmpty": false,
      "_timeout": 2000
    },
    {
      "uuid": "b3d5390e-627e-4676-87c6-90cb78acc4b4",
      "title": "",
      "fullFile": "cypress\\e2e\\google.cy.js",
      "file": "cypress\\e2e\\google.cy.js",
      "beforeHooks": [],
      "afterHooks": [],
      "tests": [
        {
          "title": "Google Search",
          "fullTitle": "Google Search",
          "timedOut": null,
          "duration": 31136,
          "state": "passed",
          "speed": "slow",
          "pass": true,
          "fail": false,
          "pending": false,
          "context": null,
          "code": "cy.visit('https://google.com');\ncy.get('#APjFqb').type('Vistara');\ncy.contains('Google Search').click();\n// cy.get('[lang=\"en\"] > .tF2Cxc > .yuRUbf > :nth-child(1) > a > .LC20lb').click()\ncy.contains('Flight Booking').scrollIntoView().click();",
          "err": {},
          "uuid": "370220d1-b62b-4b40-be2b-4d0e935c2f16",
          "parentUUID": "b3d5390e-627e-4676-87c6-90cb78acc4b4",
          "isHook": false,
          "skipped": false
        }
      ],
      "suites": [],
      "passes": [
        "370220d1-b62b-4b40-be2b-4d0e935c2f16"
      ],
      "failures": [],
      "pending": [],
      "skipped": [],
      "duration": 31136,
      "root": true,
      "rootEmpty": false,
      "_timeout": 2000
    }
  ],
  "meta": {
    "mocha": {
      "version": "7.0.1"
    },
    "mochawesome": {
      "options": {
        "quiet": false,
        "reportFilename": "mochawesome",
        "saveHtml": false,
        "saveJson": true,
        "consoleReporter": "spec",
        "useInlineDiffs": false,
        "code": true
      },
      "version": "7.1.3"
    },
    "marge": {
      "options": {
        "overwrite": false,
        "html": false,
        "json": true,
        "reportDir": "cypress\\reports\\html\\.jsons"
      },
      "version": "6.2.0"
    }
  }
}