{
  "stats": {
    "suites": 0,
    "tests": 1,
    "passes": 1,
    "pending": 0,
    "failures": 0,
    "start": "2023-08-17T06:14:17.781Z",
    "end": "2023-08-17T06:14:54.868Z",
    "duration": 37087,
    "testsRegistered": 1,
    "passPercent": 100,
    "pendingPercent": 0,
    "other": 0,
    "hasOther": false,
    "skipped": 0,
    "hasSkipped": false
  },
  "results": [
    {
      "uuid": "b3d5390e-627e-4676-87c6-90cb78acc4b4",
      "title": "",
      "fullFile": "cypress\\e2e\\google.cy.js",
      "file": "cypress\\e2e\\google.cy.js",
      "beforeHooks": [],
      "afterHooks": [],
      "tests": [
        {
          "title": "Google Search",
          "fullTitle": "Google Search",
          "timedOut": null,
          "duration": 31136,
          "state": "passed",
          "speed": "slow",
          "pass": true,
          "fail": false,
          "pending": false,
          "context": null,
          "code": "cy.visit('https://google.com');\ncy.get('#APjFqb').type('Vistara');\ncy.contains('Google Search').click();\n// cy.get('[lang=\"en\"] > .tF2Cxc > .yuRUbf > :nth-child(1) > a > .LC20lb').click()\ncy.contains('Flight Booking').scrollIntoView().click();",
          "err": {},
          "uuid": "370220d1-b62b-4b40-be2b-4d0e935c2f16",
          "parentUUID": "b3d5390e-627e-4676-87c6-90cb78acc4b4",
          "isHook": false,
          "skipped": false
        }
      ],
      "suites": [],
      "passes": [
        "370220d1-b62b-4b40-be2b-4d0e935c2f16"
      ],
      "failures": [],
      "pending": [],
      "skipped": [],
      "duration": 31136,
      "root": true,
      "rootEmpty": false,
      "_timeout": 2000
    }
  ],
  "meta": {
    "mocha": {
      "version": "7.0.1"
    },
    "mochawesome": {
      "options": {
        "quiet": false,
        "reportFilename": "mochawesome",
        "saveHtml": false,
        "saveJson": true,
        "consoleReporter": "spec",
        "useInlineDiffs": false,
        "code": true
      },
      "version": "7.1.3"
    },
    "marge": {
      "options": {
        "overwrite": false,
        "html": false,
        "json": true,
        "reportDir": "cypress\\reports\\html\\.jsons"
      },
      "version": "6.2.0"
    }
  }
}